GET /news/1/1 304 Thu, 26 Jan 2023 15:20:44 GMT
GET /news/1 200 Thu, 26 Jan 2023 15:21:42 GMT
GET /news/1 200 Thu, 26 Jan 2023 17:25:28 GMT
GET /news/1 304 Thu, 26 Jan 2023 17:25:35 GMT
GET /news/1 304 Thu, 26 Jan 2023 17:26:09 GMT
GET /news/1 304 Thu, 26 Jan 2023 17:26:39 GMT
GET /news 200 Thu, 26 Jan 2023 17:26:39 GMT
GET /news/1 304 Thu, 26 Jan 2023 17:26:43 GMT
GET /news 304 Thu, 26 Jan 2023 17:26:44 GMT
GET /news/1 304 Thu, 26 Jan 2023 17:26:45 GMT
GET /news 304 Thu, 26 Jan 2023 17:26:45 GMT
GET /news/1 304 Thu, 26 Jan 2023 17:26:48 GMT
GET /news 304 Thu, 26 Jan 2023 17:26:48 GMT
GET /news 304 Thu, 26 Jan 2023 17:27:48 GMT
GET /favicon.ico 404 Thu, 26 Jan 2023 17:27:48 GMT
GET /news/1 304 Thu, 26 Jan 2023 17:27:55 GMT
GET /news/1 304 Thu, 26 Jan 2023 17:29:20 GMT
GET /news 304 Thu, 26 Jan 2023 17:29:21 GMT
GET /news/1 304 Thu, 26 Jan 2023 17:32:08 GMT
GET /news 304 Thu, 26 Jan 2023 17:32:34 GMT
GET /news/1 304 Thu, 26 Jan 2023 17:32:34 GMT
GET /news/1 304 Thu, 26 Jan 2023 17:34:00 GMT
GET /news 304 Thu, 26 Jan 2023 17:34:00 GMT
GET /news/1 304 Thu, 26 Jan 2023 17:34:27 GMT
GET /news 304 Thu, 26 Jan 2023 17:34:28 GMT
GET /news/1 304 Thu, 26 Jan 2023 17:35:25 GMT
GET /news 304 Thu, 26 Jan 2023 17:35:25 GMT
GET /news/1 304 Thu, 26 Jan 2023 17:35:37 GMT
GET /news 304 Thu, 26 Jan 2023 17:35:38 GMT
GET /news/1 304 Thu, 26 Jan 2023 17:36:02 GMT
GET /news 304 Thu, 26 Jan 2023 17:36:02 GMT
GET /news/1/0 200 Thu, 26 Jan 2023 17:36:03 GMT
GET /news/1 304 Thu, 26 Jan 2023 17:36:05 GMT
GET /news 304 Thu, 26 Jan 2023 17:36:05 GMT
GET /news/1/0 304 Thu, 26 Jan 2023 17:36:11 GMT
GET /news/1/0 304 Thu, 26 Jan 2023 17:36:39 GMT
GET /news/1/0 304 Thu, 26 Jan 2023 17:37:44 GMT
GET /news 304 Thu, 26 Jan 2023 17:38:35 GMT
GET /news/1 304 Thu, 26 Jan 2023 17:38:35 GMT
GET /news/1/0 200 Thu, 26 Jan 2023 17:38:36 GMT
GET /news/1/0 304 Thu, 26 Jan 2023 17:39:32 GMT
GET /news/1/0 304 Thu, 26 Jan 2023 17:39:35 GMT
GET /news/1/0 304 Thu, 26 Jan 2023 17:39:49 GMT
GET /news/1/0 304 Thu, 26 Jan 2023 17:39:57 GMT
GET /news/1/0 304 Thu, 26 Jan 2023 17:40:09 GMT
GET /news/1/0 304 Thu, 26 Jan 2023 17:40:40 GMT
GET /news/1/0 304 Thu, 26 Jan 2023 17:40:50 GMT
GET /news/1/0 304 Thu, 26 Jan 2023 17:40:59 GMT
GET /news/1/0 304 Thu, 26 Jan 2023 17:42:30 GMT
GET /news/1/0 304 Thu, 26 Jan 2023 17:42:48 GMT
GET /news/1/0 304 Thu, 26 Jan 2023 17:43:04 GMT
GET /news/1 304 Thu, 26 Jan 2023 17:43:24 GMT
GET /news 304 Thu, 26 Jan 2023 17:43:25 GMT
GET /news/2/4 200 Thu, 26 Jan 2023 17:44:11 GMT
GET /news/1 304 Thu, 26 Jan 2023 17:44:14 GMT
GET /news 304 Thu, 26 Jan 2023 17:44:14 GMT
GET /news/1/1 200 Thu, 26 Jan 2023 17:44:16 GMT
GET /news/1 304 Thu, 26 Jan 2023 17:44:17 GMT
GET /news 304 Thu, 26 Jan 2023 17:44:17 GMT
GET /news/1/1 304 Thu, 26 Jan 2023 17:44:19 GMT
GET /news/1 304 Thu, 26 Jan 2023 17:44:23 GMT
GET /news 304 Thu, 26 Jan 2023 17:44:23 GMT
GET /news/1/2 200 Thu, 26 Jan 2023 17:44:31 GMT
GET /news/1 304 Thu, 26 Jan 2023 17:44:35 GMT
GET /news 304 Thu, 26 Jan 2023 17:44:36 GMT
GET /news/1/6 200 Thu, 26 Jan 2023 17:44:43 GMT
GET /news/1 304 Thu, 26 Jan 2023 17:44:48 GMT
GET /news 304 Thu, 26 Jan 2023 17:44:48 GMT
GET /news/1 304 Thu, 26 Jan 2023 17:45:17 GMT
GET /news/2 200 Thu, 26 Jan 2023 17:45:20 GMT
GET /news/1 304 Thu, 26 Jan 2023 17:46:52 GMT
GET /news 304 Thu, 26 Jan 2023 17:46:52 GMT
GET /news/2 304 Thu, 26 Jan 2023 17:46:53 GMT
GET /news/1 304 Thu, 26 Jan 2023 17:46:54 GMT
GET /news/2 304 Thu, 26 Jan 2023 17:46:55 GMT
GET /news/1 304 Thu, 26 Jan 2023 17:46:57 GMT
GET /news/2 304 Thu, 26 Jan 2023 17:46:58 GMT
GET /news/2/8 200 Thu, 26 Jan 2023 17:47:04 GMT
GET /news/1 304 Thu, 26 Jan 2023 17:47:06 GMT
GET /news 304 Thu, 26 Jan 2023 17:47:06 GMT
GET /news/1/4 200 Thu, 26 Jan 2023 17:47:10 GMT
GET /news/1 304 Thu, 26 Jan 2023 17:47:11 GMT
GET /news 304 Thu, 26 Jan 2023 17:47:12 GMT
GET /news/2 304 Thu, 26 Jan 2023 17:47:13 GMT
GET /news/2/8 200 Thu, 26 Jan 2023 17:47:22 GMT
GET /news/1 304 Thu, 26 Jan 2023 17:47:24 GMT
GET /news 304 Thu, 26 Jan 2023 17:47:24 GMT
GET /news/1 304 Thu, 26 Jan 2023 17:48:15 GMT
GET /news 304 Thu, 26 Jan 2023 17:48:15 GMT
GET /news/2 304 Thu, 26 Jan 2023 17:48:34 GMT
GET /news/2/8 200 Thu, 26 Jan 2023 17:48:47 GMT
GET /news/2/8 200 Thu, 26 Jan 2023 17:49:14 GMT
GET /news/2/1 200 Thu, 26 Jan 2023 17:49:20 GMT
GET /news/1 304 Thu, 26 Jan 2023 17:49:33 GMT
GET /news 304 Thu, 26 Jan 2023 17:49:34 GMT
GET /news/1/1 304 Thu, 26 Jan 2023 17:49:37 GMT
GET /news/1 304 Thu, 26 Jan 2023 17:49:40 GMT
GET /news 304 Thu, 26 Jan 2023 17:49:40 GMT
GET /news/2 304 Thu, 26 Jan 2023 17:49:41 GMT
GET /news/2/1 200 Thu, 26 Jan 2023 17:49:45 GMT
GET /news/2/0 200 Thu, 26 Jan 2023 17:49:49 GMT
GET /news/1 304 Thu, 26 Jan 2023 17:49:52 GMT
GET /news 304 Thu, 26 Jan 2023 17:49:53 GMT
GET /news/1/0 304 Thu, 26 Jan 2023 17:49:54 GMT
GET /news/1/0 304 Thu, 26 Jan 2023 17:50:01 GMT
GET /news/1 304 Thu, 26 Jan 2023 17:50:07 GMT
GET /news 304 Thu, 26 Jan 2023 17:50:07 GMT
GET /news/2 304 Thu, 26 Jan 2023 17:50:09 GMT
GET /news/2/1 200 Thu, 26 Jan 2023 17:50:11 GMT
GET /news/2/2 200 Thu, 26 Jan 2023 17:50:28 GMT
GET /news/2/2 200 Thu, 26 Jan 2023 17:51:28 GMT
GET /news/2/2 200 Thu, 26 Jan 2023 17:53:24 GMT
GET /news/1 304 Thu, 26 Jan 2023 17:53:41 GMT
GET /news 304 Thu, 26 Jan 2023 17:53:41 GMT
GET /news/2 304 Thu, 26 Jan 2023 17:53:53 GMT
GET /news/2/0 200 Thu, 26 Jan 2023 17:53:54 GMT
GET /news/1 304 Thu, 26 Jan 2023 17:54:13 GMT
GET /news 304 Thu, 26 Jan 2023 17:54:14 GMT
GET /news/1/6 304 Thu, 26 Jan 2023 17:54:16 GMT
GET /news/1 304 Thu, 26 Jan 2023 17:54:20 GMT
GET /news 304 Thu, 26 Jan 2023 17:54:21 GMT
GET /news/2 304 Thu, 26 Jan 2023 17:54:22 GMT
GET /news/2/6 200 Thu, 26 Jan 2023 17:54:26 GMT
GET /news/1 304 Thu, 26 Jan 2023 17:54:31 GMT
GET /news 304 Thu, 26 Jan 2023 17:54:31 GMT
GET /news/1/0 304 Thu, 26 Jan 2023 17:56:30 GMT
GET /news/1 304 Thu, 26 Jan 2023 17:56:51 GMT
GET /news 304 Thu, 26 Jan 2023 17:56:51 GMT
GET /news/1 304 Thu, 26 Jan 2023 17:59:16 GMT
GET /news 304 Thu, 26 Jan 2023 17:59:16 GMT
GET /news/1 304 Thu, 26 Jan 2023 18:03:51 GMT
GET /news 304 Thu, 26 Jan 2023 18:03:52 GMT
GET /news/2 304 Thu, 26 Jan 2023 18:03:54 GMT
GET /news/2/3 200 Thu, 26 Jan 2023 18:03:56 GMT
GET /news/2 304 Thu, 26 Jan 2023 18:03:59 GMT
GET /news 304 Thu, 26 Jan 2023 18:03:59 GMT
GET /news/2 304 Thu, 26 Jan 2023 18:04:03 GMT
GET /news/1 304 Thu, 26 Jan 2023 18:04:04 GMT
GET /news/2 304 Thu, 26 Jan 2023 18:04:05 GMT
GET /news/2/2 304 Thu, 26 Jan 2023 18:04:08 GMT
GET /news/2 304 Thu, 26 Jan 2023 18:04:11 GMT
GET /news 304 Thu, 26 Jan 2023 18:04:11 GMT
GET /news/1 304 Thu, 26 Jan 2023 18:04:16 GMT
GET /news/2 304 Thu, 26 Jan 2023 18:04:17 GMT
GET /news/2 304 Thu, 26 Jan 2023 18:04:57 GMT
GET /news 304 Thu, 26 Jan 2023 18:04:57 GMT
GET /news/2/3 304 Thu, 26 Jan 2023 18:05:02 GMT
GET /news/2 304 Thu, 26 Jan 2023 18:05:03 GMT
GET /news 304 Thu, 26 Jan 2023 18:05:03 GMT
GET /news/1 304 Thu, 26 Jan 2023 18:05:04 GMT
GET /news/2 304 Thu, 26 Jan 2023 18:05:05 GMT
GET /news/2 304 Thu, 26 Jan 2023 18:05:57 GMT
GET /news 304 Thu, 26 Jan 2023 18:05:58 GMT
GET /weather 200 Thu, 26 Jan 2023 18:05:58 GMT
OPTIONS /weather 200 Thu, 26 Jan 2023 18:07:06 GMT
GET /news/2 304 Thu, 26 Jan 2023 18:07:06 GMT
GET /news 304 Thu, 26 Jan 2023 18:07:06 GMT
GET /weather 304 Thu, 26 Jan 2023 18:07:07 GMT
GET /news/1 304 Thu, 26 Jan 2023 18:08:24 GMT
OPTIONS /weather 200 Thu, 26 Jan 2023 18:08:24 GMT
GET /news 304 Thu, 26 Jan 2023 18:08:24 GMT
GET /weather 304 Thu, 26 Jan 2023 18:08:24 GMT
GET /news/1 304 Thu, 26 Jan 2023 18:08:49 GMT
OPTIONS /weather 200 Thu, 26 Jan 2023 18:08:49 GMT
GET /news 304 Thu, 26 Jan 2023 18:08:50 GMT
GET /weather 304 Thu, 26 Jan 2023 18:08:50 GMT
GET /weather 304 Thu, 26 Jan 2023 18:09:15 GMT
OPTIONS /weather 200 Thu, 26 Jan 2023 18:11:02 GMT
GET /news/1 304 Thu, 26 Jan 2023 18:11:02 GMT
GET /news 304 Thu, 26 Jan 2023 18:11:03 GMT
GET /weather 304 Thu, 26 Jan 2023 18:11:03 GMT
GET /news/1 304 Thu, 26 Jan 2023 18:12:13 GMT
OPTIONS /weather 200 Thu, 26 Jan 2023 18:12:13 GMT
GET /news 304 Thu, 26 Jan 2023 18:12:13 GMT
GET /weather 304 Thu, 26 Jan 2023 18:12:13 GMT
GET /news/2 304 Thu, 26 Jan 2023 18:12:13 GMT
GET /weather 304 Thu, 26 Jan 2023 18:12:13 GMT
GET /news 304 Thu, 26 Jan 2023 18:12:13 GMT
OPTIONS /weather 200 Thu, 26 Jan 2023 18:12:53 GMT
GET /news/1 304 Thu, 26 Jan 2023 18:12:53 GMT
GET /news 304 Thu, 26 Jan 2023 18:12:53 GMT
GET /weather 304 Thu, 26 Jan 2023 18:12:53 GMT
GET /news/2 304 Thu, 26 Jan 2023 18:12:54 GMT
GET /weather 304 Thu, 26 Jan 2023 18:12:54 GMT
GET /news 304 Thu, 26 Jan 2023 18:12:54 GMT
GET /weather 304 Thu, 26 Jan 2023 18:12:57 GMT
OPTIONS /weather 200 Thu, 26 Jan 2023 18:13:01 GMT
GET /weather 304 Thu, 26 Jan 2023 18:13:01 GMT
GET /weather 304 Thu, 26 Jan 2023 18:13:01 GMT
GET /weather 304 Thu, 26 Jan 2023 18:13:02 GMT
GET /weather 304 Thu, 26 Jan 2023 18:13:02 GMT
OPTIONS /weather 200 Thu, 26 Jan 2023 18:13:18 GMT
GET /news/1 304 Thu, 26 Jan 2023 18:13:18 GMT
GET /weather 304 Thu, 26 Jan 2023 18:13:18 GMT
GET /news 304 Thu, 26 Jan 2023 18:13:18 GMT
GET /news/2 304 Thu, 26 Jan 2023 18:13:19 GMT
GET /weather 304 Thu, 26 Jan 2023 18:13:19 GMT
GET /news 304 Thu, 26 Jan 2023 18:13:19 GMT
OPTIONS /weather 200 Thu, 26 Jan 2023 18:13:25 GMT
GET /weather 304 Thu, 26 Jan 2023 18:13:25 GMT
GET /weather 304 Thu, 26 Jan 2023 18:13:26 GMT
GET /news/1 304 Thu, 26 Jan 2023 18:13:39 GMT
OPTIONS /weather 200 Thu, 26 Jan 2023 18:13:39 GMT
GET /weather 304 Thu, 26 Jan 2023 18:13:40 GMT
GET /news 304 Thu, 26 Jan 2023 18:13:40 GMT
GET /news/2 304 Thu, 26 Jan 2023 18:13:42 GMT
GET /weather 304 Thu, 26 Jan 2023 18:13:42 GMT
GET /news 304 Thu, 26 Jan 2023 18:13:42 GMT
